::1 - GET / HTTP/1.1 200 18 - 3.177 ms
::1 - GET /pg-time HTTP/1.1 200 34 - 232.203 ms
::1 - GET /pg-time HTTP/1.1 200 34 - 1.435 ms
::1 - GET /pg-time HTTP/1.1 200 34 - 1.248 ms
::1 - GET /pg-time HTTP/1.1 200 34 - 1.002 ms
::1 - GET /pg-time HTTP/1.1 200 34 - 1.234 ms
::1 - GET /pg-time HTTP/1.1 200 34 - 1.639 ms
::1 - GET /pg-time HTTP/1.1 200 34 - 1.007 ms
::1 - GET /pg-time HTTP/1.1 200 34 - 1.014 ms
::1 - GET /pg-time HTTP/1.1 200 34 - 1.520 ms
::1 - GET /pg-time HTTP/1.1 200 34 - 0.815 ms
::1 - GET /pg-time HTTP/1.1 200 34 - 0.822 ms
::1 - GET / HTTP/1.1 200 18 - 4.925 ms
::1 - GET /favicon.ico HTTP/1.1 404 150 - 1.818 ms
::1 - GET / HTTP/1.1 200 18 - 0.626 ms
::1 - GET /favicon.ico HTTP/1.1 404 150 - 0.630 ms
::1 - GET / HTTP/1.1 200 18 - 0.632 ms
::1 - GET / HTTP/1.1 304 - - 0.444 ms
::1 - GET /pg-time HTTP/1.1 404 146 - 6.184 ms
::1 - GET / HTTP/1.1 404 139 - 0.788 ms
::1 - GET / HTTP/1.1 200 23 - 5.544 ms
::1 - GET /api HTTP/1.1 200 18 - 0.877 ms
::1 - GET /api/pg-time HTTP/1.1 200 34 - 62.955 ms
::1 - GET /api/pg-time HTTP/1.1 200 34 - 208.436 ms
::1 - GET /api/pg-users HTTP/1.1 500 31 - 82.033 ms
